2024-09-21 23:02:25,235:INFO:Questions loaded successfully.
2024-09-21 23:02:33,885:INFO:Exam started for Diksha from Davv
2024-09-21 23:04:13,264:INFO:Questions loaded successfully.
2024-09-21 23:04:21,045:INFO:Exam started for Diksha from Davv
2024-09-21 23:11:44,243:INFO:Questions loaded successfully.
2024-09-21 23:11:57,091:INFO:Exam started for Shreya from Rgpv
2024-09-21 23:30:48,422:ERROR:Error loading questions: 'num'
2024-09-21 23:31:01,206:INFO:Exam started for Jassi from LPU
2024-09-21 23:31:34,811:ERROR:Error loading questions: 'num'
2024-09-21 23:32:00,519:ERROR:Error loading questions: 'num'
2024-09-21 23:32:16,869:INFO:Exam started for Disha from Banaras
2024-09-21 23:33:46,149:ERROR:Error loading questions: 'num'
2024-09-21 23:37:06,292:ERROR:Error loading questions: 'num'
2024-09-21 23:37:13,848:INFO:Exam started for yyfy from ygygh
2024-09-21 23:41:33,947:ERROR:Error loading questions: 'num'
2024-09-21 23:42:34,277:INFO:Exam started for & C:/Users/dbisen/AppData/Local/Programs/Python/Python312/python.exe "c:/Users/dbisen/OneDrive - Cisco/Desktop/Project_Folder/exam_client.py" from & C:/Users/dbisen/AppData/Local/Programs/Python/Python312/python.exe "c:/Users/dbisen/OneDrive - Cisco/Desktop/Project_Folder/exam_client.py"
2024-09-21 23:42:46,996:ERROR:Error loading questions: 'option1'
2024-09-21 23:42:54,274:INFO:Exam started for jhj from hbjh
2024-09-21 23:47:04,307:ERROR:Error loading questions: 'option1'
2024-09-21 23:47:08,414:INFO:Exam started for kmk from jnj
2024-09-21 23:49:11,834:ERROR:Error loading questions: 'option1'
2024-09-21 23:52:19,795:ERROR:Error loading questions: 'option1'
2024-09-21 23:53:09,372:ERROR:Error loading questions: 'option1'
2024-09-21 23:53:13,358:INFO:Exam started for JHJ from JJH
2024-09-21 23:55:21,124:INFO:Questions loaded successfully.
2024-09-21 23:55:34,674:INFO:Questions loaded successfully.
2024-09-21 23:55:41,145:INFO:Exam started for UHUHU from YGYG
2024-09-21 23:56:41,416:INFO:Questions loaded successfully.
2024-09-21 23:56:51,537:INFO:Exam started for Diksha from RGPV
2024-09-21 23:57:30,303:INFO:Questions loaded successfully.
2024-09-22 00:22:01,434:INFO:Questions loaded successfully.
2024-09-22 00:30:52,763:INFO:Questions loaded successfully.
2024-09-22 00:30:57,458:INFO:Exam started for JHJHJ from UYU
2024-09-22 00:31:12,789:INFO:Questions loaded successfully.
2024-09-22 00:33:24,393:INFO:Questions loaded successfully.
2024-09-22 00:33:30,425:INFO:Exam started for UU from GU
2024-09-22 00:34:28,920:INFO:Questions loaded successfully.
2024-09-22 00:34:59,803:INFO:Exam started for YTY from YTYU
